[2024-04-20T16:15:09.416+0000] {taskinstance.py:1159} INFO - Dependencies all met for dep_context=non-requeueable deps ti=<TaskInstance: etl_reddit_pipeline.reddit_extraction manual__2024-04-20T16:15:07.929266+00:00 [queued]>
[2024-04-20T16:15:09.430+0000] {taskinstance.py:1159} INFO - Dependencies all met for dep_context=requeueable deps ti=<TaskInstance: etl_reddit_pipeline.reddit_extraction manual__2024-04-20T16:15:07.929266+00:00 [queued]>
[2024-04-20T16:15:09.430+0000] {taskinstance.py:1361} INFO - Starting attempt 1 of 1
[2024-04-20T16:15:09.447+0000] {taskinstance.py:1382} INFO - Executing <Task(PythonOperator): reddit_extraction> on 2024-04-20 16:15:07.929266+00:00
[2024-04-20T16:15:09.456+0000] {standard_task_runner.py:57} INFO - Started process 76 to run task
[2024-04-20T16:15:09.460+0000] {standard_task_runner.py:84} INFO - Running: ['airflow', 'tasks', 'run', 'etl_reddit_pipeline', 'reddit_extraction', 'manual__2024-04-20T16:15:07.929266+00:00', '--job-id', '12', '--raw', '--subdir', 'DAGS_FOLDER/reddit_dag.py', '--cfg-path', '/tmp/tmpicp1u1t2']
[2024-04-20T16:15:09.463+0000] {standard_task_runner.py:85} INFO - Job 12: Subtask reddit_extraction
[2024-04-20T16:15:09.532+0000] {task_command.py:416} INFO - Running <TaskInstance: etl_reddit_pipeline.reddit_extraction manual__2024-04-20T16:15:07.929266+00:00 [running]> on host a5ce8015e481
[2024-04-20T16:15:09.631+0000] {taskinstance.py:1662} INFO - Exporting env vars: AIRFLOW_CTX_DAG_OWNER='Tawfik Yasser' AIRFLOW_CTX_DAG_ID='etl_reddit_pipeline' AIRFLOW_CTX_TASK_ID='reddit_extraction' AIRFLOW_CTX_EXECUTION_DATE='2024-04-20T16:15:07.929266+00:00' AIRFLOW_CTX_TRY_NUMBER='1' AIRFLOW_CTX_DAG_RUN_ID='manual__2024-04-20T16:15:07.929266+00:00'
[2024-04-20T16:15:10.379+0000] {logging_mixin.py:151} INFO - Number of posts = 50070
[2024-04-20T16:15:10.380+0000] {logging_mixin.py:151} INFO - title         object
score          int64
id            object
url           object
comms_num      int64
created      float64
body          object
timestamp     object
dtype: object
[2024-04-20T16:15:10.461+0000] {logging_mixin.py:151} INFO - title                object
score                 int64
id                   object
url                  object
comms_num             int64
body                 object
timestamp    datetime64[ns]
dtype: object
[2024-04-20T16:15:10.463+0000] {logging_mixin.py:151} INFO - Empty DataFrame
Columns: [title, score, id, url, comms_num, body, timestamp]
Index: []
[2024-04-20T16:15:10.471+0000] {python.py:194} INFO - Done. Returned value was: None
[2024-04-20T16:15:10.480+0000] {taskinstance.py:1400} INFO - Marking task as SUCCESS. dag_id=etl_reddit_pipeline, task_id=reddit_extraction, execution_date=20240420T161507, start_date=20240420T161509, end_date=20240420T161510
[2024-04-20T16:15:10.524+0000] {local_task_job_runner.py:228} INFO - Task exited with return code 0
[2024-04-20T16:15:10.544+0000] {taskinstance.py:2778} INFO - 0 downstream tasks scheduled from follow-on schedule check
