[2024-04-20T16:23:29.349+0000] {taskinstance.py:1159} INFO - Dependencies all met for dep_context=non-requeueable deps ti=<TaskInstance: etl_reddit_pipeline.reddit_extraction manual__2024-04-20T16:23:27.416315+00:00 [queued]>
[2024-04-20T16:23:29.359+0000] {taskinstance.py:1159} INFO - Dependencies all met for dep_context=requeueable deps ti=<TaskInstance: etl_reddit_pipeline.reddit_extraction manual__2024-04-20T16:23:27.416315+00:00 [queued]>
[2024-04-20T16:23:29.359+0000] {taskinstance.py:1361} INFO - Starting attempt 1 of 1
[2024-04-20T16:23:29.373+0000] {taskinstance.py:1382} INFO - Executing <Task(PythonOperator): reddit_extraction> on 2024-04-20 16:23:27.416315+00:00
[2024-04-20T16:23:29.379+0000] {standard_task_runner.py:57} INFO - Started process 97 to run task
[2024-04-20T16:23:29.384+0000] {standard_task_runner.py:84} INFO - Running: ['airflow', 'tasks', 'run', 'etl_reddit_pipeline', 'reddit_extraction', 'manual__2024-04-20T16:23:27.416315+00:00', '--job-id', '19', '--raw', '--subdir', 'DAGS_FOLDER/reddit_dag.py', '--cfg-path', '/tmp/tmphek855c1']
[2024-04-20T16:23:29.387+0000] {standard_task_runner.py:85} INFO - Job 19: Subtask reddit_extraction
[2024-04-20T16:23:29.432+0000] {task_command.py:416} INFO - Running <TaskInstance: etl_reddit_pipeline.reddit_extraction manual__2024-04-20T16:23:27.416315+00:00 [running]> on host a5ce8015e481
[2024-04-20T16:23:29.517+0000] {taskinstance.py:1662} INFO - Exporting env vars: AIRFLOW_CTX_DAG_OWNER='Tawfik Yasser' AIRFLOW_CTX_DAG_ID='etl_reddit_pipeline' AIRFLOW_CTX_TASK_ID='reddit_extraction' AIRFLOW_CTX_EXECUTION_DATE='2024-04-20T16:23:27.416315+00:00' AIRFLOW_CTX_TRY_NUMBER='1' AIRFLOW_CTX_DAG_RUN_ID='manual__2024-04-20T16:23:27.416315+00:00'
[2024-04-20T16:23:30.094+0000] {logging_mixin.py:151} INFO - Number of posts = 50070
[2024-04-20T16:23:30.096+0000] {logging_mixin.py:151} INFO - title         object
score          int64
id            object
url           object
comms_num      int64
created      float64
body          object
timestamp     object
dtype: object
[2024-04-20T16:23:30.172+0000] {logging_mixin.py:151} INFO - title                object
score                 int64
id                   object
url                  object
comms_num             int64
body                 object
timestamp    datetime64[ns]
dtype: object
[2024-04-20T16:23:30.183+0000] {logging_mixin.py:151} INFO -                                                title  ...           timestamp
0  It's not about the money, it's about sending a...  ... 2021-01-28 21:37:41
1  Math Professor Scott Steiner says the numbers ...  ... 2021-01-28 21:32:10
2                                    Exit the system  ... 2021-01-28 21:30:35
3  NEW SEC FILING FOR GME! CAN SOMEONE LESS RETAR...  ... 2021-01-28 21:28:57
4  Not to distract from GME, just thought our AMC...  ... 2021-01-28 21:26:56
5                                WE BREAKING THROUGH  ... 2021-01-28 21:26:30
6        SHORT STOCK DOESN'T HAVE AN EXPIRATION DATE  ... 2021-01-28 21:26:27
7                                 THIS IS THE MOMENT  ... 2021-01-28 21:19:31
8  Currently Holding AMC and NOK - Is it retarded...  ... 2021-01-28 21:19:16
9  I have nothing to say but BRUH I am speechless...  ... 2021-01-28 21:18:37

[10 rows x 7 columns]
[2024-04-20T16:23:30.183+0000] {logging_mixin.py:151} INFO - 10
[2024-04-20T16:23:30.184+0000] {taskinstance.py:1937} ERROR - Task failed with exception
Traceback (most recent call last):
  File "/home/airflow/.local/lib/python3.9/site-packages/airflow/operators/python.py", line 192, in execute
    return_value = self.execute_callable()
  File "/home/airflow/.local/lib/python3.9/site-packages/airflow/operators/python.py", line 209, in execute_callable
    return self.python_callable(*self.op_args, **self.op_kwargs)
  File "/opt/airflow/pipelines/reddit_pipeline.py", line 41, in reddit_pipeline
    load_data_to_csv(transformed_data, output_file_path)
  File "/opt/airflow/etls/reddit_etl.py", line 27, in load_data_to_csv
    transformed_df.to_csv(output_file_path+"reddit_cleaned.csv", index=False)
  File "/home/airflow/.local/lib/python3.9/site-packages/pandas/core/generic.py", line 3902, in to_csv
    return DataFrameRenderer(formatter).to_csv(
  File "/home/airflow/.local/lib/python3.9/site-packages/pandas/io/formats/format.py", line 1152, in to_csv
    csv_formatter.save()
  File "/home/airflow/.local/lib/python3.9/site-packages/pandas/io/formats/csvs.py", line 247, in save
    with get_handle(
  File "/home/airflow/.local/lib/python3.9/site-packages/pandas/io/common.py", line 863, in get_handle
    handle = open(
PermissionError: [Errno 13] Permission denied: 'data/output/reddit_cleaned.csv'
[2024-04-20T16:23:30.193+0000] {taskinstance.py:1400} INFO - Marking task as FAILED. dag_id=etl_reddit_pipeline, task_id=reddit_extraction, execution_date=20240420T162327, start_date=20240420T162329, end_date=20240420T162330
[2024-04-20T16:23:30.206+0000] {standard_task_runner.py:104} ERROR - Failed to execute job 19 for task reddit_extraction ([Errno 13] Permission denied: 'data/output/reddit_cleaned.csv'; 97)
[2024-04-20T16:23:30.239+0000] {local_task_job_runner.py:228} INFO - Task exited with return code 1
[2024-04-20T16:23:30.255+0000] {taskinstance.py:2778} INFO - 0 downstream tasks scheduled from follow-on schedule check
