[2024-04-20T15:57:22.261+0000] {taskinstance.py:1159} INFO - Dependencies all met for dep_context=non-requeueable deps ti=<TaskInstance: etl_reddit_pipeline.reddit_extraction manual__2024-04-20T15:57:20.229975+00:00 [queued]>
[2024-04-20T15:57:22.271+0000] {taskinstance.py:1159} INFO - Dependencies all met for dep_context=requeueable deps ti=<TaskInstance: etl_reddit_pipeline.reddit_extraction manual__2024-04-20T15:57:20.229975+00:00 [queued]>
[2024-04-20T15:57:22.271+0000] {taskinstance.py:1361} INFO - Starting attempt 1 of 1
[2024-04-20T15:57:22.291+0000] {taskinstance.py:1382} INFO - Executing <Task(PythonOperator): reddit_extraction> on 2024-04-20 15:57:20.229975+00:00
[2024-04-20T15:57:22.298+0000] {standard_task_runner.py:57} INFO - Started process 56 to run task
[2024-04-20T15:57:22.300+0000] {standard_task_runner.py:84} INFO - Running: ['airflow', 'tasks', 'run', 'etl_reddit_pipeline', 'reddit_extraction', 'manual__2024-04-20T15:57:20.229975+00:00', '--job-id', '6', '--raw', '--subdir', 'DAGS_FOLDER/reddit_dag.py', '--cfg-path', '/tmp/tmphl0_677h']
[2024-04-20T15:57:22.303+0000] {standard_task_runner.py:85} INFO - Job 6: Subtask reddit_extraction
[2024-04-20T15:57:22.354+0000] {task_command.py:416} INFO - Running <TaskInstance: etl_reddit_pipeline.reddit_extraction manual__2024-04-20T15:57:20.229975+00:00 [running]> on host a5ce8015e481
[2024-04-20T15:57:22.444+0000] {taskinstance.py:1662} INFO - Exporting env vars: AIRFLOW_CTX_DAG_OWNER='Tawfik Yasser' AIRFLOW_CTX_DAG_ID='etl_reddit_pipeline' AIRFLOW_CTX_TASK_ID='reddit_extraction' AIRFLOW_CTX_EXECUTION_DATE='2024-04-20T15:57:20.229975+00:00' AIRFLOW_CTX_TRY_NUMBER='1' AIRFLOW_CTX_DAG_RUN_ID='manual__2024-04-20T15:57:20.229975+00:00'
[2024-04-20T15:57:23.242+0000] {logging_mixin.py:151} INFO -                                                title  ...            timestamp
0  It's not about the money, it's about sending a...  ...  2021-01-28 21:37:41
1  Math Professor Scott Steiner says the numbers ...  ...  2021-01-28 21:32:10
2                                    Exit the system  ...  2021-01-28 21:30:35
3  NEW SEC FILING FOR GME! CAN SOMEONE LESS RETAR...  ...  2021-01-28 21:28:57
4  Not to distract from GME, just thought our AMC...  ...  2021-01-28 21:26:56

[5 rows x 8 columns]
[2024-04-20T15:57:23.249+0000] {python.py:194} INFO - Done. Returned value was: None
[2024-04-20T15:57:23.257+0000] {taskinstance.py:1400} INFO - Marking task as SUCCESS. dag_id=etl_reddit_pipeline, task_id=reddit_extraction, execution_date=20240420T155720, start_date=20240420T155722, end_date=20240420T155723
[2024-04-20T15:57:23.315+0000] {local_task_job_runner.py:228} INFO - Task exited with return code 0
[2024-04-20T15:57:23.332+0000] {taskinstance.py:2778} INFO - 0 downstream tasks scheduled from follow-on schedule check
